0 info it worked if it ends with ok
1 verbose cli [ '/usr/local/Cellar/node/4.2.1/bin/node',
1 verbose cli   '/usr/local/bin/npm',
1 verbose cli   'publish' ]
2 info using npm@3.8.6
3 info using node@v6.1.0
4 verbose publish [ '.' ]
5 silly cache add args [ '.', null ]
6 verbose cache add spec .
7 silly cache add parsed spec Result {
7 silly cache add   raw: '.',
7 silly cache add   scope: null,
7 silly cache add   name: null,
7 silly cache add   rawSpec: '.',
7 silly cache add   spec: '/Users/nicolas/Desktop/polyseerio-nodejs',
7 silly cache add   type: 'directory' }
8 verbose addLocalDirectory /Users/nicolas/.npm/polyseerio/0.0.5/package.tgz not in flight; packing
9 verbose correctMkdir /Users/nicolas/.npm correctMkdir not in flight; initializing
10 info lifecycle polyseerio@0.0.5~prepublish: polyseerio@0.0.5
11 silly lifecycle polyseerio@0.0.5~prepublish: no script for prepublish, continuing
12 verbose tar pack [ '/Users/nicolas/.npm/polyseerio/0.0.5/package.tgz',
12 verbose tar pack   '/Users/nicolas/Desktop/polyseerio-nodejs' ]
13 verbose tarball /Users/nicolas/.npm/polyseerio/0.0.5/package.tgz
14 verbose folder /Users/nicolas/Desktop/polyseerio-nodejs
15 verbose addLocalTarball adding from inside cache /Users/nicolas/.npm/polyseerio/0.0.5/package.tgz
16 verbose correctMkdir /Users/nicolas/.npm correctMkdir not in flight; initializing
17 silly cache afterAdd polyseerio@0.0.5
18 verbose afterAdd /Users/nicolas/.npm/polyseerio/0.0.5/package/package.json not in flight; writing
19 verbose correctMkdir /Users/nicolas/.npm correctMkdir not in flight; initializing
20 verbose afterAdd /Users/nicolas/.npm/polyseerio/0.0.5/package/package.json written
21 silly publish { name: 'polyseerio',
21 silly publish   version: '0.0.5',
21 silly publish   description: 'Official polyseer.io SDK for Node.js.',
21 silly publish   main: 'index.js',
21 silly publish   scripts: { test: 'make test' },
21 silly publish   repository:
21 silly publish    { type: 'git',
21 silly publish      url: 'git+ssh://git@github.com/kgnzt/polyseerio-nodejs.git' },
21 silly publish   keywords: [ 'polyseer', 'polyseer.io', 'node.js', 'sdk' ],
21 silly publish   author:
21 silly publish    { name: 'Kognizant',
21 silly publish      email: 'support@kognizant.com',
21 silly publish      url: 'http://kognizant.com/' },
21 silly publish   license: 'MIT',
21 silly publish   bugs: { url: 'https://github.com/kgnzt/polyseerio-nodejs/issues' },
21 silly publish   homepage: 'https://github.com/kgnzt/polyseerio-nodejs#readme',
21 silly publish   dependencies:
21 silly publish    { lodash: '^4.15.0',
21 silly publish      request: '^2.74.0',
21 silly publish      'request-promise': '^4.1.1' },
21 silly publish   devDependencies:
21 silly publish    { co: '^4.6.0',
21 silly publish      grunt: '^1.0.1',
21 silly publish      'grunt-contrib-jshint': '^1.0.0',
21 silly publish      'grunt-mocha-test': '^0.12.7',
21 silly publish      'jshint-junit-reporter': '^0.2.2',
21 silly publish      mocha: '^3.0.2',
21 silly publish      proxyquire: '^1.7.10',
21 silly publish      should: '^11.1.0',
21 silly publish      sinon: '^1.17.5' },
21 silly publish   readme: '![Alt text](/asset/polyseerio_sdk_nodejs.png?raw=true "Polyseer.io SDK for Node.js.")\n\n# Polyseer.io SDK for Node.js\n\nThe official Polyseer.io SDK for Node.js. Detailed API information can be found at (https://polyseer.io/documentation).\n\n## Requirements\n  - Node.js\n  - NPM\n\n## Installation\n\nTo install inside a project, run:\n\n    npm install polyseerio\n\n## Usage\n\nExample:\n\n    const polyseerio = require(\'polyseerio\'),\n          token      = \'an-access-token\';\n\n    const { Event, \n            Alert,\n            Instance } = polyseerio(token, { deduce: true });\n\n    return Instance.attach({\n      name: \'my-example-instance\',\n      strategy: Instance.attach.Strategy.FALLBACK\n    }).then(instance => {\n      console.log(`Instance attach as: ${instance.id}.`);\n\n      return Event.create({\n        name: `Attached ${instance.name}.`,\n        color: polyseerio.Color.GREEN,\n        icon: polyseerio.Icon.CHECK,\n        description: `ID: ${instance.id}`\n      });\n    }).then(event => {\n      console.log(`Event: ${event.id}, was triggered.`);\n\n      return Alert.findByName(\'instance-attached\');\n    }).then(alert => {\n      return alert.trigger({\n        meta: {\n          instance_name: \'my-example-instance\'\n        }\n      });\n    });\n  });\n\n## Design\n\n  * All client SDK calls return a Promise.\n  * Supports functional style programming.\n  * Supports object-oriented style programming.\n    * ORM style instances. E.g. environment.save(), alert.trigger();\n  * A resources environment can be deduced or explicitly passed to SDK calls through the options param.\n\n\n## Example\n\nExamples are available in /example\n\n## SDK Resources\n\nUse of the SDK begins with construction of a client. To construct a client \ninstance, call the required polyseerio module with an access-token.\n\n### polyseerio\n\n  * polyseerio(token, options)\n    * `options`\n      - `.env` environment variable holding current environment\n      - `.version` api version to use\n      - `.deduce` if the environment should be deduced if not supplied\n\n### client\n\n  * client\n    * `.getCurrentEnvironment(options)`  Resolves the current environment **IF** it has been deduced.\n    * `.Color`\n    * `.Icon`\n    * `.Strategy`\n    \n### Alert\n\n  * .Alert\n    * `.create(attributes, options)`\n    * `.find(query, options)`\n    * `.findById(id, options)`\n    * `.findByName(name, options)`\n    * `.remove(id, options)`\n    * `.trigger(id, payload, options)`\n    * `.update(id, updates, options)`\n    * new **Alert**(attributes)\n      * `.save()`\n      * `.remove()`\n      * `.trigger(payload)`\n\nExample:\n\n    const { Alert } = client;\n\n### Channel\n\n  * .Channel\n    * `.create(attributes, options)`\n    * `.find(query, options)`\n    * `.findById(id, options)`\n    * `.findByName(name, options)`\n    * `.message(id, content, options)`\n    * `.remove(id, options)`\n    * `.update(id, updates, options)`\n    * new **Channel**(attributes)\n      * `.save()`\n      * `.remove()`\n      * `.message(content)`\n\n### Environment\n\n  * .Environment\n    * `.create(attributes, options)`\n    * `.find(query, options)`\n    * `.findById(id, options)`\n    * `.findByName(name, options)`\n    * `.message(id, content, options)`\n    * `.remove(id, options)`\n    * `.update(id, payload, options)`\n    * new **Environment**(attributes)\n      * `.save()`\n      * `.remove()`\n      * `.message(content)`\n\n### Event\n\n  * .Event\n    * `.create(attributes, options)`\n    * `.find(query, options)`\n    * `.findById(id, options)`\n    * new **Event**(attributes)\n      * `.save()`\n\nExample:\n\n    const { Event } = client;\n\n    return Event.find({\n      limit: 5\n    }).then(events => {\n      events.forEach(event => {\n        console.log(event.id);\n      });\n    });\n\n### Expectation\n\n  * .Expectation\n    * `.check(id, options)`\n    * `.create(attributes, options)`\n    * `.find(query, options)`\n    * `.findById(id, options)`\n    * `.findByName(name, options)`\n    * `.remove(id, options)`\n    * `.update(id, updates, options)`\n    * new **Expectation**(attributes)\n      * `.save()`\n      * `.remove()`\n      * `.check()`\n\n### Instance\n\n  * .Instance\n    * `.attach(options)`\n    * `.create(attributes, options)`\n    * `.find(query, options)`\n    * `.findById(id, options)`\n    * `.findByName(name, options)`\n    * `.remove(id, options)`\n    * `.update(id, updates, options)`\n    * new **Instance**(attributes)\n      * `.save()`\n      * `.remove()`\n      * `.attach()`\n\nExample:\n\n    const { Instance } = client;\n\n    return Instance.attach({\n      strategy: Instance.attach.Strategy.FALLBACK\n    }).then(instance => {\n      console.log(`Attached as instance: ${instance.id}.`);\n    });\n\n### Logic Block\n\n  * .LogicBlock\n    * `.create(attributes, options)`\n    * `.execute(id, options)`\n    * `.find(query, options)`\n    * `.findById(id, options)`\n    * `.findByName(name, options)`\n    * `.remove(id, options)`\n    * `.update(id, updates, options)`\n    * new **LogicBlock**(attributes)\n      * `.save()`\n      * `.remove()`\n      * `.execute()`\n\n### Member\n\n  * .Member\n    * `.create(attributes, options)`\n    * `.find(query, options)`\n    * `.findById(id, options)`\n    * `.remove(id, options)`\n    * `.update(id, updates, options)`\n    * new **Member**(attributes)\n      * `.save()`\n      * `.remove()`\n\n### Settings\n\n  * .Settings\n    * `.retrieve(options)`\n    * `.update(updates, options)`\n\n### Task\n\n  * .Task\n    * `.create(attributes, options)`\n    * `.find(query, options)`\n    * `.findById(id, options)`\n    * `.remove(id, options)`\n    * `.update(id, updates, options)`\n    * new **Task**(attributes)\n      * `.save()`\n      * `.remove()`\n\n## Testing\n\nTesting requires:\n\n  - Make\n  - Grunt\n\nInstall node modules locally by running:\n\n    npm install\n\nThen run a command below based on what test suite you need to run.\n\n### Lint\n\n    make lint\n\n### Unit\n\n    make unit-test\n\n### Integration\n\n    make integration-test\n\n### Validation\n\nRequires the environment to have a root level access-token defined as:\n\n    export ROOT_KEY=a-test-root-key\n\n    make validation-test\n\n### All\n\n    make test\n',
21 silly publish   readmeFilename: 'README.md',
21 silly publish   gitHead: 'd74bef7c545584630711a18e87c3ffc06c615c1c',
21 silly publish   _id: 'polyseerio@0.0.5',
21 silly publish   _shasum: '7466b59eb73c11ca0fc69b7684495067761fc19f',
21 silly publish   _from: '.' }
22 verbose getPublishConfig undefined
23 silly mapToRegistry name polyseerio
24 silly mapToRegistry using default registry
25 silly mapToRegistry registry https://registry.npmjs.org/
26 silly mapToRegistry data Result {
26 silly mapToRegistry   raw: 'polyseerio',
26 silly mapToRegistry   scope: null,
26 silly mapToRegistry   name: 'polyseerio',
26 silly mapToRegistry   rawSpec: '',
26 silly mapToRegistry   spec: 'latest',
26 silly mapToRegistry   type: 'tag' }
27 silly mapToRegistry uri https://registry.npmjs.org/polyseerio
28 verbose publish registryBase https://registry.npmjs.org/
29 silly publish uploading /Users/nicolas/.npm/polyseerio/0.0.5/package.tgz
30 verbose request uri https://registry.npmjs.org/polyseerio
31 verbose request sending authorization for write operation
32 info attempt registry request try #1 at 3:15:40 PM
33 verbose request using bearer token for auth
34 verbose request id 4d7522e205ceff2c
35 http request PUT https://registry.npmjs.org/polyseerio
36 http 403 https://registry.npmjs.org/polyseerio
37 verbose headers { 'content-type': 'application/json',
37 verbose headers   'cache-control': 'max-age=300',
37 verbose headers   'content-length': '95',
37 verbose headers   'accept-ranges': 'bytes',
37 verbose headers   date: 'Thu, 06 Oct 2016 22:15:41 GMT',
37 verbose headers   via: '1.1 varnish',
37 verbose headers   connection: 'keep-alive',
37 verbose headers   'x-served-by': 'cache-sea1920-SEA',
37 verbose headers   'x-cache': 'MISS',
37 verbose headers   'x-cache-hits': '0',
37 verbose headers   'x-timer': 'S1475792141.306290,VS0,VE343',
37 verbose headers   vary: 'Accept-Encoding' }
38 verbose request invalidating /Users/nicolas/.npm/registry.npmjs.org/polyseerio on PUT
39 error publish Failed PUT 403
40 verbose stack Error: "You cannot publish over the previously published version 0.0.5." : polyseerio
40 verbose stack     at makeError (/usr/local/lib/node_modules/npm/node_modules/npm-registry-client/lib/request.js:264:12)
40 verbose stack     at CachingRegistryClient.<anonymous> (/usr/local/lib/node_modules/npm/node_modules/npm-registry-client/lib/request.js:252:14)
40 verbose stack     at Request._callback (/usr/local/lib/node_modules/npm/node_modules/npm-registry-client/lib/request.js:172:14)
40 verbose stack     at Request.self.callback (/usr/local/lib/node_modules/npm/node_modules/request/request.js:199:22)
40 verbose stack     at emitTwo (events.js:106:13)
40 verbose stack     at Request.emit (events.js:191:7)
40 verbose stack     at Request.<anonymous> (/usr/local/lib/node_modules/npm/node_modules/request/request.js:1036:10)
40 verbose stack     at emitOne (events.js:101:20)
40 verbose stack     at Request.emit (events.js:188:7)
40 verbose stack     at IncomingMessage.<anonymous> (/usr/local/lib/node_modules/npm/node_modules/request/request.js:963:12)
41 verbose statusCode 403
42 verbose pkgid polyseerio
43 verbose cwd /Users/nicolas/Desktop/polyseerio-nodejs
44 error Darwin 15.0.0
45 error argv "/usr/local/Cellar/node/4.2.1/bin/node" "/usr/local/bin/npm" "publish"
46 error node v6.1.0
47 error npm  v3.8.6
48 error code E403
49 error "You cannot publish over the previously published version 0.0.5." : polyseerio
50 error If you need help, you may report this error at:
50 error     <https://github.com/npm/npm/issues>
51 verbose exit [ 1, true ]
